#
# There is insufficient memory for the Java Runtime Environment to continue.
# Native memory allocation (mmap) failed to map 268435456 bytes for Failed to commit area from 0x0000000700c00000 to 0x0000000710c00000 of length 268435456.
# Possible reasons:
#   The system is out of physical RAM or swap space
#   The process is running with CompressedOops enabled, and the Java Heap may be blocking the growth of the native heap
# Possible solutions:
#   Reduce memory load on the system
#   Increase physical memory or swap space
#   Check if swap backing store is full
#   Decrease Java heap size (-Xmx/-Xms)
#   Decrease number of Java threads
#   Decrease Java thread stack sizes (-Xss)
#   Set larger code cache with -XX:ReservedCodeCacheSize=
# This output file may be truncated or incomplete.
#
#  Out of Memory Error (./src/hotspot/os/windows/os_windows.cpp:3303), pid=11068, tid=11660
#
# JRE version:  (11.0.8+10) (build )
# Java VM: OpenJDK 64-Bit Server VM (11.0.8+10-b944.34, mixed mode, sharing, tiered, compressed oops, g1 gc, windows-amd64)
# No core dump will be written. Minidumps are not enabled by default on client versions of Windows
#

---------------  S U M M A R Y ------------

Command Line: org.jetbrains.git4idea.http.GitAskPassApp Username for 'https://github.com': 

Host: AMD Ryzen 5 2600 Six-Core Processor            , 12 cores, 15G,  Windows 10 , 64 bit Build 19041 (10.0.19041.546)
Time: Mon Oct 12 14:40:09 2020 Финляндия (лето) elapsed time: 0 seconds (0d 0h 0m 0s)

---------------  T H R E A D  ---------------

Current thread (0x000001ec4f499000):  JavaThread "Unknown thread" [_thread_in_vm, id=11660, stack(0x000000c5acd00000,0x000000c5ace00000)]

Stack: [0x000000c5acd00000,0x000000c5ace00000]
Native frames: (J=compiled Java code, j=interpreted, Vv=VM code, C=native code)
V  [jvm.dll+0x5de35a]
V  [jvm.dll+0x712355]
V  [jvm.dll+0x7138ad]
V  [jvm.dll+0x713f63]
V  [jvm.dll+0x23e628]
V  [jvm.dll+0x5db804]
V  [jvm.dll+0x5d0925]
V  [jvm.dll+0x2faf9b]
V  [jvm.dll+0x2faf0a]
V  [jvm.dll+0x2fade2]
V  [jvm.dll+0x2ffcb6]
V  [jvm.dll+0x3483a3]
V  [jvm.dll+0x348aa6]
V  [jvm.dll+0x3484a3]
V  [jvm.dll+0x2d5be8]
V  [jvm.dll+0x2d6d87]
V  [jvm.dll+0x6f10e7]
V  [jvm.dll+0x6f28dc]
V  [jvm.dll+0x3558f9]
V  [jvm.dll+0x6d492e]
V  [jvm.dll+0x3bdad3]
V  [jvm.dll+0x3bfd01]
C  [jli.dll+0x5373]
C  [ucrtbase.dll+0x214c2]
C  [KERNEL32.DLL+0x17034]
C  [ntdll.dll+0x4cec1]


---------------  P R O C E S S  ---------------

Threads class SMR info:
_java_thread_list=0x000001ec4d2715c0, length=0, elements={
}

Java Threads: ( => current thread )

Other Threads:
  0x000001ec4f4b1000 GCTaskThread "GC Thread#0" [stack: 0x000000c5ace00000,0x000000c5acf00000] [id=9464]
  0x000001ec4f50f000 ConcurrentGCThread "G1 Main Marker" [stack: 0x000000c5acf00000,0x000000c5ad000000] [id=6064]
  0x000001ec4f510800 ConcurrentGCThread "G1 Conc#0" [stack: 0x000000c5ad000000,0x000000c5ad100000] [id=1776]

[error occurred during error reporting (printing all threads), id 0xc0000005, EXCEPTION_ACCESS_VIOLATION (0xc0000005) at pc=0x00007ff8122e60c7]

VM state:not at safepoint (not fully initialized)

VM Mutex/Monitor currently owned by a thread:  ([mutex/lock_event])
[0x000001ec4f497a90] Heap_lock - owner thread: 0x000001ec4f499000

Heap address: 0x0000000700c00000, size: 4084 MB, Compressed Oops mode: Non-zero based: 0x0000000700c00000
Narrow klass base: 0x0000000000000000, Narrow klass shift: 0

GC Heap History (0 events):
No events

Deoptimization events (0 events):
No events

Classes redefined (0 events):
No events

Internal exceptions (0 events):
No events

Events (1 events):
Event: 0.006 Loaded shared library C:\Program Files\JetBrains\IntelliJ IDEA Community Edition 2019.3\jbr\bin\zip.dll


Dynamic libraries:
0x00007ff6f34b0000 - 0x00007ff6f34ba000 	C:\Program Files\JetBrains\IntelliJ IDEA Community Edition 2019.3\jbr\bin\java.exe
0x00007ff84c7b0000 - 0x00007ff84c9a6000 	C:\WINDOWS\SYSTEM32\ntdll.dll
0x00007ff84bf80000 - 0x00007ff84c03d000 	C:\WINDOWS\System32\KERNEL32.DLL
0x00007ff84a2e0000 - 0x00007ff84a5a8000 	C:\WINDOWS\System32\KERNELBASE.dll
0x00007ff849fb0000 - 0x00007ff84a0b0000 	C:\WINDOWS\System32\ucrtbase.dll
0x00007ff81a010000 - 0x00007ff81a029000 	C:\Program Files\JetBrains\IntelliJ IDEA Community Edition 2019.3\jbr\bin\jli.dll
0x00007ff819ee0000 - 0x00007ff819ef7000 	C:\Program Files\JetBrains\IntelliJ IDEA Community Edition 2019.3\jbr\bin\VCRUNTIME140.dll
0x00007ff84c040000 - 0x00007ff84c1e0000 	C:\WINDOWS\System32\USER32.dll
0x00007ff84a0e0000 - 0x00007ff84a102000 	C:\WINDOWS\System32\win32u.dll
0x00007ff83da00000 - 0x00007ff83dc9b000 	C:\WINDOWS\WinSxS\amd64_microsoft.windows.common-controls_6595b64144ccf1df_6.0.19041.488_none_ca04af081b815d21\COMCTL32.dll
0x00007ff84c4a0000 - 0x00007ff84c4ca000 	C:\WINDOWS\System32\GDI32.dll
0x00007ff84af60000 - 0x00007ff84affe000 	C:\WINDOWS\System32\msvcrt.dll
0x00007ff84a5b0000 - 0x00007ff84a6b9000 	C:\WINDOWS\System32\gdi32full.dll
0x00007ff84a110000 - 0x00007ff84a1ad000 	C:\WINDOWS\System32\msvcp_win.dll
0x00007ff84b190000 - 0x00007ff84b1c0000 	C:\WINDOWS\System32\IMM32.DLL
0x00007ff814970000 - 0x00007ff814a0d000 	C:\Program Files\JetBrains\IntelliJ IDEA Community Edition 2019.3\jbr\bin\msvcp140.dll
0x00007ff812000000 - 0x00007ff812abd000 	C:\Program Files\JetBrains\IntelliJ IDEA Community Edition 2019.3\jbr\bin\server\jvm.dll
0x00007ff84be60000 - 0x00007ff84bf0a000 	C:\WINDOWS\System32\ADVAPI32.dll
0x00007ff84c4d0000 - 0x00007ff84c56b000 	C:\WINDOWS\System32\sechost.dll
0x00007ff84b000000 - 0x00007ff84b124000 	C:\WINDOWS\System32\RPCRT4.dll
0x00007ff84c1e0000 - 0x00007ff84c1e8000 	C:\WINDOWS\System32\PSAPI.DLL
0x00007ff82a110000 - 0x00007ff82a119000 	C:\WINDOWS\SYSTEM32\WSOCK32.dll
0x00007ff83f9d0000 - 0x00007ff83f9f7000 	C:\WINDOWS\SYSTEM32\WINMM.dll
0x00007ff84bf10000 - 0x00007ff84bf7b000 	C:\WINDOWS\System32\WS2_32.dll
0x00007ff847f50000 - 0x00007ff847f5a000 	C:\WINDOWS\SYSTEM32\VERSION.dll
0x00007ff8487f0000 - 0x00007ff848802000 	C:\WINDOWS\SYSTEM32\kernel.appcore.dll
0x00007ff82e940000 - 0x00007ff82e951000 	C:\Program Files\JetBrains\IntelliJ IDEA Community Edition 2019.3\jbr\bin\verify.dll
0x00007ff836a00000 - 0x00007ff836be4000 	C:\WINDOWS\SYSTEM32\DBGHELP.DLL
0x00007ff833d90000 - 0x00007ff833dbc000 	C:\WINDOWS\SYSTEM32\dbgcore.DLL
0x00007ff84a260000 - 0x00007ff84a2df000 	C:\WINDOWS\System32\bcryptPrimitives.dll
0x00007ff82e790000 - 0x00007ff82e7b9000 	C:\Program Files\JetBrains\IntelliJ IDEA Community Edition 2019.3\jbr\bin\java.dll
0x00007ff844380000 - 0x00007ff84438b000 	C:\Program Files\JetBrains\IntelliJ IDEA Community Edition 2019.3\jbr\bin\jimage.dll
0x00007ff82e920000 - 0x00007ff82e938000 	C:\Program Files\JetBrains\IntelliJ IDEA Community Edition 2019.3\jbr\bin\zip.dll

dbghelp: loaded successfully - version: 4.0.5 - missing functions: none
symbol engine: initialized successfully - sym options: 0x614 - pdb path: .;C:\Program Files\JetBrains\IntelliJ IDEA Community Edition 2019.3\jbr\bin;C:\WINDOWS\SYSTEM32;C:\WINDOWS\WinSxS\amd64_microsoft.windows.common-controls_6595b64144ccf1df_6.0.19041.488_none_ca04af081b815d21;C:\Program Files\JetBrains\IntelliJ IDEA Community Edition 2019.3\jbr\bin\server

VM Arguments:
java_command: org.jetbrains.git4idea.http.GitAskPassApp Username for 'https://github.com': 
java_class_path (initial): C:/Program Files/JetBrains/IntelliJ IDEA Community Edition 2019.3/plugins/git4idea/lib/git4idea-rt.jar;C:/Program Files/JetBrains/IntelliJ IDEA Community Edition 2019.3/lib/xmlrpc-2.0.1.jar;C:/Program Files/JetBrains/IntelliJ IDEA Community Edition 2019.3/lib/commons-codec-1.14.jar
Launcher Type: SUN_STANDARD

[Global flags]
     intx CICompilerCount                          = 4                                         {product} {ergonomic}
     uint ConcGCThreads                            = 3                                         {product} {ergonomic}
     uint G1ConcRefinementThreads                  = 10                                        {product} {ergonomic}
   size_t G1HeapRegionSize                         = 1048576                                   {product} {ergonomic}
    uintx GCDrainStackTargetSize                   = 64                                        {product} {ergonomic}
   size_t InitialHeapSize                          = 268435456                                 {product} {ergonomic}
   size_t MarkStackSize                            = 4194304                                   {product} {ergonomic}
   size_t MaxHeapSize                              = 4282384384                                {product} {ergonomic}
   size_t MinHeapDeltaBytes                        = 1048576                                   {product} {ergonomic}
    uintx NonNMethodCodeHeapSize                   = 5836300                                {pd product} {ergonomic}
    uintx NonProfiledCodeHeapSize                  = 122910970                              {pd product} {ergonomic}
    uintx ProfiledCodeHeapSize                     = 122910970                              {pd product} {ergonomic}
    uintx ReservedCodeCacheSize                    = 251658240                              {pd product} {ergonomic}
     bool SegmentedCodeCache                       = true                                      {product} {ergonomic}
     bool UseCompressedClassPointers               = true                                 {lp64_product} {ergonomic}
     bool UseCompressedOops                        = true                                 {lp64_product} {ergonomic}
     bool UseG1GC                                  = true                                      {product} {ergonomic}
     bool UseLargePagesIndividualAllocation        = false                                  {pd product} {ergonomic}

Logging:
Log output configuration:
 #0: stdout all=warning uptime,level,tags
 #1: stderr all=off uptime,level,tags

Environment Variables:
JAVA_HOME=C:\Program Files\Java\jdk-13.0.1
PATH=C:\Program Files\Git\mingw64\libexec\git-core;C:\Program Files\Git\mingw64\libexec\git-core;C:\Program Files\Git\mingw64\bin;C:\Program Files\Git\usr\bin;C:\Users\User\bin;C:\Program Files (x86)\Common Files\Intel\Shared Libraries\redist\intel64_win\compiler;C:\WINDOWS\system32;C:\WINDOWS;C:\WINDOWS\System32\Wbem;C:\WINDOWS\System32\WindowsPowerShell\v1.0;C:\WINDOWS\System32\OpenSSH;C:\Program Files\NVIDIA Corporation\NVIDIA NvDLISR;C:\Program Files (x86)\NVIDIA Corporation\PhysX\Common;C:\Program Files\Git\cmd;C:\Program Files\Microsoft SQL Server\120\Tools\Binn;C:\Program Files\Common Files\Autodesk Shared;C:\Program Files\Java\jdk-13.0.1\bin;C:\WINDOWS\system32;C:\WINDOWS;C:\WINDOWS\System32\Wbem;C:\WINDOWS\System32\WindowsPowerShell\v1.0;C:\WINDOWS\System32\OpenSSH;C:\Users\User\AppData\Local\Microsoft\WindowsApps;C:\Program Files\Java\jdk-13.0.1\bin;C:\Users\User\AppData\Local\Programs\Microsoft VS Code\bin;C:\Users\User\AppData\Local\Microsoft\WindowsApps
USERNAME=User
DISPLAY=:0.0
LC_ALL=en_US.UTF-8
OS=Windows_NT
PROCESSOR_IDENTIFIER=AMD64 Family 23 Model 8 Stepping 2, AuthenticAMD



---------------  S Y S T E M  ---------------

OS: Windows 10 , 64 bit Build 19041 (10.0.19041.546)
OS uptime: 3 days 21:08 hours

CPU:total 12 (initial active 12) (12 cores per cpu, 2 threads per core) family 23 model 8 stepping 2, cmov, cx8, fxsr, mmx, sse, sse2, sse3, ssse3, sse4.1, sse4.2, popcnt, avx, avx2, aes, clmul, mmxext, 3dnowpref, lzcnt, sse4a, ht, tsc, tscinvbit, tscinv, bmi1, bmi2, adx, sha, fma

Memory: 4k page, system-wide physical 16335M (3301M free)
TotalPageFile size 16335M (AvailPageFile size 113M)
current process WorkingSet (physical memory assigned to process): 10M, peak: 10M
current process commit charge ("private bytes"): 64M, peak: 320M

vm_info: OpenJDK 64-Bit Server VM (11.0.8+10-b944.34) for windows-amd64 JRE (11.0.8+10-b944.34), built on Sep 11 2020 15:32:11 by "" with MS VC++ 14.0 (VS2015)

END.
