#
# There is insufficient memory for the Java Runtime Environment to continue.
# Native memory allocation (mmap) failed to map 268435456 bytes for G1 virtual space
# Possible reasons:
#   The system is out of physical RAM or swap space
#   The process is running with CompressedOops enabled, and the Java Heap may be blocking the growth of the native heap
# Possible solutions:
#   Reduce memory load on the system
#   Increase physical memory or swap space
#   Check if swap backing store is full
#   Decrease Java heap size (-Xmx/-Xms)
#   Decrease number of Java threads
#   Decrease Java thread stack sizes (-Xss)
#   Set larger code cache with -XX:ReservedCodeCacheSize=
#   JVM is running with Zero Based Compressed Oops mode in which the Java heap is
#     placed in the first 32GB address space. The Java Heap base address is the
#     maximum limit for the native heap growth. Please use -XX:HeapBaseMinAddress
#     to set the Java Heap base and to place the Java Heap above 32GB virtual address.
# This output file may be truncated or incomplete.
#
#  Out of Memory Error (./open/src/hotspot/os/windows/os_windows.cpp:3472), pid=16176, tid=16044
#
# JRE version:  (15.0+36) (build )
# Java VM: OpenJDK 64-Bit Server VM (15+36-1562, mixed mode, sharing, tiered, compressed oops, g1 gc, windows-amd64)
# No core dump will be written. Minidumps are not enabled by default on client versions of Windows
#

---------------  S U M M A R Y ------------

Command Line: -javaagent:C:\Program Files\JetBrains\IntelliJ IDEA Community Edition 2019.3\lib\idea_rt.jar=65164:C:\Program Files\JetBrains\IntelliJ IDEA Community Edition 2019.3\bin -Dfile.encoding=UTF-8 Main

Host: AMD Ryzen 5 2600 Six-Core Processor            , 12 cores, 15G,  Windows 10 , 64 bit Build 19041 (10.0.19041.546)
Time: Mon Oct 12 14:39:36 2020 Финляндия (лето) elapsed time: 0.009609 seconds (0d 0h 0m 0s)

---------------  T H R E A D  ---------------

Current thread (0x0000021b85ac0640):  JavaThread "Unknown thread" [_thread_in_vm, id=16044, stack(0x0000001f5fb00000,0x0000001f5fc00000)]

Stack: [0x0000001f5fb00000,0x0000001f5fc00000]
Native frames: (J=compiled Java code, j=interpreted, Vv=VM code, C=native code)
V  [jvm.dll+0x629eaa]
V  [jvm.dll+0x780379]
V  [jvm.dll+0x781ad3]
V  [jvm.dll+0x782133]
V  [jvm.dll+0x2159d5]
V  [jvm.dll+0x627299]
V  [jvm.dll+0x61bdd5]
V  [jvm.dll+0x2cf96d]
V  [jvm.dll+0x2cf7d2]
V  [jvm.dll+0x2d57ac]
V  [jvm.dll+0x32523a]
V  [jvm.dll+0x324904]
V  [jvm.dll+0x2a68ea]
V  [jvm.dll+0x2a7a88]
V  [jvm.dll+0x75d0f1]
V  [jvm.dll+0x333af4]
V  [jvm.dll+0x73d816]
V  [jvm.dll+0x3b68e7]
V  [jvm.dll+0x3b8371]
C  [jli.dll+0x52fb]
C  [ucrtbase.dll+0x214c2]
C  [KERNEL32.DLL+0x17034]
C  [ntdll.dll+0x4cec1]


---------------  P R O C E S S  ---------------

Threads class SMR info:
_java_thread_list=0x00007ff80f902fa0, length=0, elements={
}

Java Threads: ( => current thread )

Other Threads:
  0x0000021b85b13620 GCTaskThread "GC Thread#0" [stack: 0x0000001f5fc00000,0x0000001f5fd00000] [id=17236]
  0x0000021b85b255d0 ConcurrentGCThread "G1 Main Marker" [stack: 0x0000001f5fd00000,0x0000001f5fe00000] [id=14536]
  0x0000021b85b26870 ConcurrentGCThread "G1 Conc#0" [stack: 0x0000001f5fe00000,0x0000001f5ff00000] [id=8864]

[error occurred during error reporting (printing all threads), id 0xc0000005, EXCEPTION_ACCESS_VIOLATION (0xc0000005) at pc=0x00007ff80f0f77b7]

VM state: not at safepoint (not fully initialized)

VM Mutex/Monitor currently owned by a thread:  ([mutex/lock_event])
[0x0000021b85abd7e0] Heap_lock - owner thread: 0x0000021b85ac0640

Heap address: 0x0000000700c00000, size: 4084 MB, Compressed Oops mode: Zero based, Oop shift amount: 3
CDS archive(s) mapped at: [0x0000000000000000-0x0000000000000000-0x0000000000000000), size 0, SharedBaseAddress: 0x0000000800000000, ArchiveRelocationMode: 0.
Narrow klass base: 0x0000000000000000, Narrow klass shift: 0, Narrow klass range: 0x0

Heap:
 garbage-first heap   total 262144K, used 0K [0x0000000700c00000, 0x0000000800000000)
  region size 2048K, 0 young (0K), 0 survivors (0K)
 Metaspace       used 0K, capacity 0K, committed 0K, reserved 0K
  class space    used 0K, capacity 0K, committed 0K, reserved 0K

Heap Regions: E=young(eden), S=young(survivor), O=old, HS=humongous(starts), HC=humongous(continues), CS=collection set, F=free, OA=open archive, CA=closed archive, TAMS=top-at-mark-start (previous, next)

Card table byte_map: [0x0000021b9f970000,0x0000021ba0170000] _byte_map_base: 0x0000021b9c16a000

Marking Bits (Prev, Next): (CMBitMap*) 0x0000021b85b14d30, (CMBitMap*) 0x0000021b85b14d70
 Prev Bits: [0x0000021ba0970000, 0x0000021ba4940000)
 Next Bits: [0x0000021ba4940000, 0x0000021ba8910000)

GC Heap History (0 events):
No events

Deoptimization events (0 events):
No events

Classes unloaded (0 events):
No events

Classes redefined (0 events):
No events

Internal exceptions (0 events):
No events

Events (1 events):
Event: 0.006 Loaded shared library C:\Users\User\.jdks\openjdk-15\bin\java.dll


Dynamic libraries:
0x00007ff66e8d0000 - 0x00007ff66e8dd000 	C:\Users\User\.jdks\openjdk-15\bin\java.exe
0x00007ff84c7b0000 - 0x00007ff84c9a6000 	C:\WINDOWS\SYSTEM32\ntdll.dll
0x00007ff84bf80000 - 0x00007ff84c03d000 	C:\WINDOWS\System32\KERNEL32.DLL
0x00007ff84a2e0000 - 0x00007ff84a5a8000 	C:\WINDOWS\System32\KERNELBASE.dll
0x00007ff849fb0000 - 0x00007ff84a0b0000 	C:\WINDOWS\System32\ucrtbase.dll
0x00007ff824350000 - 0x00007ff824368000 	C:\Users\User\.jdks\openjdk-15\bin\jli.dll
0x00007ff822c40000 - 0x00007ff822c59000 	C:\Users\User\.jdks\openjdk-15\bin\VCRUNTIME140.dll
0x00007ff84c040000 - 0x00007ff84c1e0000 	C:\WINDOWS\System32\USER32.dll
0x00007ff84a0e0000 - 0x00007ff84a102000 	C:\WINDOWS\System32\win32u.dll
0x00007ff83da00000 - 0x00007ff83dc9b000 	C:\WINDOWS\WinSxS\amd64_microsoft.windows.common-controls_6595b64144ccf1df_6.0.19041.488_none_ca04af081b815d21\COMCTL32.dll
0x00007ff84c4a0000 - 0x00007ff84c4ca000 	C:\WINDOWS\System32\GDI32.dll
0x00007ff84af60000 - 0x00007ff84affe000 	C:\WINDOWS\System32\msvcrt.dll
0x00007ff84a5b0000 - 0x00007ff84a6b9000 	C:\WINDOWS\System32\gdi32full.dll
0x00007ff84a110000 - 0x00007ff84a1ad000 	C:\WINDOWS\System32\msvcp_win.dll
0x00007ff84b190000 - 0x00007ff84b1c0000 	C:\WINDOWS\System32\IMM32.DLL
0x00007ff82e830000 - 0x00007ff82e83c000 	C:\Users\User\.jdks\openjdk-15\bin\vcruntime140_1.dll
0x00007ff814a10000 - 0x00007ff814aa1000 	C:\Users\User\.jdks\openjdk-15\bin\msvcp140.dll
0x00007ff80ee40000 - 0x00007ff80f99c000 	C:\Users\User\.jdks\openjdk-15\bin\server\jvm.dll
0x00007ff84be60000 - 0x00007ff84bf0a000 	C:\WINDOWS\System32\ADVAPI32.dll
0x00007ff84c4d0000 - 0x00007ff84c56b000 	C:\WINDOWS\System32\sechost.dll
0x00007ff84b000000 - 0x00007ff84b124000 	C:\WINDOWS\System32\RPCRT4.dll
0x00007ff84c1e0000 - 0x00007ff84c1e8000 	C:\WINDOWS\System32\PSAPI.DLL
0x00007ff83f9d0000 - 0x00007ff83f9f7000 	C:\WINDOWS\SYSTEM32\WINMM.dll
0x00007ff82a110000 - 0x00007ff82a119000 	C:\WINDOWS\SYSTEM32\WSOCK32.dll
0x00007ff847f50000 - 0x00007ff847f5a000 	C:\WINDOWS\SYSTEM32\VERSION.dll
0x00007ff84bf10000 - 0x00007ff84bf7b000 	C:\WINDOWS\System32\WS2_32.dll
0x00007ff8487f0000 - 0x00007ff848802000 	C:\WINDOWS\SYSTEM32\kernel.appcore.dll
0x00007ff82e780000 - 0x00007ff82e78a000 	C:\Users\User\.jdks\openjdk-15\bin\jimage.dll
0x00007ff836a00000 - 0x00007ff836be4000 	C:\WINDOWS\SYSTEM32\DBGHELP.DLL
0x00007ff833d90000 - 0x00007ff833dbc000 	C:\WINDOWS\SYSTEM32\dbgcore.DLL
0x00007ff84a260000 - 0x00007ff84a2df000 	C:\WINDOWS\System32\bcryptPrimitives.dll
0x00007ff82e170000 - 0x00007ff82e17e000 	C:\Users\User\.jdks\openjdk-15\bin\instrument.dll
0x00007ff821120000 - 0x00007ff821145000 	C:\Users\User\.jdks\openjdk-15\bin\java.dll

dbghelp: loaded successfully - version: 4.0.5 - missing functions: none
symbol engine: initialized successfully - sym options: 0x614 - pdb path: .;C:\Users\User\.jdks\openjdk-15\bin;C:\WINDOWS\SYSTEM32;C:\WINDOWS\WinSxS\amd64_microsoft.windows.common-controls_6595b64144ccf1df_6.0.19041.488_none_ca04af081b815d21;C:\Users\User\.jdks\openjdk-15\bin\server

VM Arguments:
jvm_args: -javaagent:C:\Program Files\JetBrains\IntelliJ IDEA Community Edition 2019.3\lib\idea_rt.jar=65164:C:\Program Files\JetBrains\IntelliJ IDEA Community Edition 2019.3\bin -Dfile.encoding=UTF-8 
java_command: Main
java_class_path (initial): C:\Users\User\IdeaProjects\SleeveCounting\target\classes;C:\Users\User\.m2\repository\org\apache\poi\poi\4.1.2\poi-4.1.2.jar;C:\Users\User\.m2\repository\commons-codec\commons-codec\1.13\commons-codec-1.13.jar;C:\Users\User\.m2\repository\org\apache\commons\commons-collections4\4.4\commons-collections4-4.4.jar;C:\Users\User\.m2\repository\org\apache\commons\commons-math3\3.6.1\commons-math3-3.6.1.jar;C:\Users\User\.m2\repository\com\zaxxer\SparseBitSet\1.2\SparseBitSet-1.2.jar
Launcher Type: SUN_STANDARD

[Global flags]
     intx CICompilerCount                          = 4                                         {product} {ergonomic}
     uint ConcGCThreads                            = 3                                         {product} {ergonomic}
     uint G1ConcRefinementThreads                  = 10                                        {product} {ergonomic}
   size_t G1HeapRegionSize                         = 2097152                                   {product} {ergonomic}
    uintx GCDrainStackTargetSize                   = 64                                        {product} {ergonomic}
   size_t InitialHeapSize                          = 268435456                                 {product} {ergonomic}
   size_t MarkStackSize                            = 4194304                                   {product} {ergonomic}
   size_t MaxHeapSize                              = 4282384384                                {product} {ergonomic}
   size_t MinHeapDeltaBytes                        = 2097152                                   {product} {ergonomic}
   size_t MinHeapSize                              = 8388608                                   {product} {ergonomic}
    uintx NonNMethodCodeHeapSize                   = 5839372                                {pd product} {ergonomic}
    uintx NonProfiledCodeHeapSize                  = 122909434                              {pd product} {ergonomic}
    uintx ProfiledCodeHeapSize                     = 122909434                              {pd product} {ergonomic}
    uintx ReservedCodeCacheSize                    = 251658240                              {pd product} {ergonomic}
     bool SegmentedCodeCache                       = true                                      {product} {ergonomic}
   size_t SoftMaxHeapSize                          = 4282384384                             {manageable} {ergonomic}
     bool UseCompressedClassPointers               = true                                 {lp64_product} {ergonomic}
     bool UseCompressedOops                        = true                                 {lp64_product} {ergonomic}
     bool UseG1GC                                  = true                                      {product} {ergonomic}
     bool UseLargePagesIndividualAllocation        = false                                  {pd product} {ergonomic}

Logging:
Log output configuration:
 #0: stdout all=warning uptime,level,tags
 #1: stderr all=off uptime,level,tags

Environment Variables:
JAVA_HOME=C:\Program Files\Java\jdk-13.0.1
PATH=C:\Program Files (x86)\Common Files\Intel\Shared Libraries\redist\intel64_win\compiler;C:\WINDOWS\system32;C:\WINDOWS;C:\WINDOWS\System32\Wbem;C:\WINDOWS\System32\WindowsPowerShell\v1.0\;C:\WINDOWS\System32\OpenSSH\;C:\Program Files\NVIDIA Corporation\NVIDIA NvDLISR;C:\Program Files (x86)\NVIDIA Corporation\PhysX\Common;C:\Program Files\Git\cmd;C:\Program Files\Microsoft SQL Server\120\Tools\Binn\;C:\Program Files\Common Files\Autodesk Shared\;C:\Program Files\Java\jdk-13.0.1\bin;C:\WINDOWS\system32;C:\WINDOWS;C:\WINDOWS\System32\Wbem;C:\WINDOWS\System32\WindowsPowerShell\v1.0\;C:\WINDOWS\System32\OpenSSH\;C:\Users\User\AppData\Local\Microsoft\WindowsApps;C:\Program Files\Java\jdk-13.0.1\bin;C:\Users\User\AppData\Local\Programs\Microsoft VS Code\bin;C:\Users\User\AppData\Local\Microsoft\WindowsApps;
USERNAME=User
OS=Windows_NT
PROCESSOR_IDENTIFIER=AMD64 Family 23 Model 8 Stepping 2, AuthenticAMD



---------------  S Y S T E M  ---------------

OS:
 Windows 10 , 64 bit Build 19041 (10.0.19041.546)
OS uptime: 3 days 21:07 hours

CPU: total 12 (initial active 12) (12 cores per cpu, 2 threads per core) family 23 model 8 stepping 2, cmov, cx8, fxsr, mmx, sse, sse2, sse3, ssse3, sse4.1, sse4.2, popcnt, vzeroupper, avx, avx2, aes, clmul, 3dnowpref, lzcnt, sse4a, ht, tsc, tscinvbit, tscinv, bmi1, bmi2, adx, sha, fma, clflush, clflushopt

Memory: 4k page, system-wide physical 16335M (3428M free)
TotalPageFile size 16335M (AvailPageFile size 251M)
current process WorkingSet (physical memory assigned to process): 10M, peak: 10M
current process commit charge ("private bytes"): 64M, peak: 320M

vm_info: OpenJDK 64-Bit Server VM (15+36-1562) for windows-amd64 JRE (15+36-1562), built on Aug 11 2020 22:33:04 by "mach5one" with unknown MS VC++:1925

END.
